2018-12-15 12:24:57.225  INFO [area-service,,,] 1940 --- [restartedMain] c.e.m.a.AreaServiceApplication           : No active profile set, falling back to default profiles: default
2018-12-15 12:24:57.309  INFO [area-service,,,] 14584 --- [restartedMain] c.e.m.a.AreaServiceApplication           : No active profile set, falling back to default profiles: default
2018-12-15 12:25:00.229  WARN [area-service,,,] 1940 --- [restartedMain] o.s.boot.actuate.endpoint.EndpointId     : Endpoint ID 'bus-env' contains invalid characters, please migrate to a valid format.
2018-12-15 12:25:00.389  WARN [area-service,,,] 14584 --- [restartedMain] o.s.boot.actuate.endpoint.EndpointId     : Endpoint ID 'bus-env' contains invalid characters, please migrate to a valid format.
2018-12-15 12:25:00.485  WARN [area-service,,,] 1940 --- [restartedMain] o.s.boot.actuate.endpoint.EndpointId     : Endpoint ID 'service-registry' contains invalid characters, please migrate to a valid format.
2018-12-15 12:25:00.829  WARN [area-service,,,] 1940 --- [restartedMain] o.s.boot.actuate.endpoint.EndpointId     : Endpoint ID 'hystrix.stream' contains invalid characters, please migrate to a valid format.
2018-12-15 12:25:00.849  WARN [area-service,,,] 14584 --- [restartedMain] o.s.boot.actuate.endpoint.EndpointId     : Endpoint ID 'service-registry' contains invalid characters, please migrate to a valid format.
2018-12-15 12:25:01.009  WARN [area-service,,,] 14584 --- [restartedMain] o.s.boot.actuate.endpoint.EndpointId     : Endpoint ID 'hystrix.stream' contains invalid characters, please migrate to a valid format.
2018-12-15 12:25:01.493  INFO [area-service,,,] 1940 --- [restartedMain] o.s.cloud.context.scope.GenericScope     : BeanFactory id=9d5e60de-b858-33ae-a584-af62f7c46843
2018-12-15 12:25:01.557  INFO [area-service,,,] 1940 --- [restartedMain] faultConfiguringBeanFactoryPostProcessor : No bean named 'errorChannel' has been explicitly defined. Therefore, a default PublishSubscribeChannel will be created.
2018-12-15 12:25:01.581  INFO [area-service,,,] 1940 --- [restartedMain] faultConfiguringBeanFactoryPostProcessor : No bean named 'taskScheduler' has been explicitly defined. Therefore, a default ThreadPoolTaskScheduler will be created.
2018-12-15 12:25:01.593  INFO [area-service,,,] 1940 --- [restartedMain] faultConfiguringBeanFactoryPostProcessor : No bean named 'integrationHeaderChannelRegistry' has been explicitly defined. Therefore, a default DefaultHeaderChannelRegistry will be created.
2018-12-15 12:25:01.657  INFO [area-service,,,] 1940 --- [restartedMain] trationDelegate$BeanPostProcessorChecker : Bean 'org.springframework.amqp.rabbit.annotation.RabbitBootstrapConfiguration' of type [org.springframework.amqp.rabbit.annotation.RabbitBootstrapConfiguration$$EnhancerBySpringCGLIB$$fee5c8a] is not eligible for getting processed by all BeanPostProcessors (for example: not eligible for auto-proxying)
2018-12-15 12:25:01.673  INFO [area-service,,,] 14584 --- [restartedMain] o.s.cloud.context.scope.GenericScope     : BeanFactory id=9d5e60de-b858-33ae-a584-af62f7c46843
2018-12-15 12:25:01.717  INFO [area-service,,,] 14584 --- [restartedMain] faultConfiguringBeanFactoryPostProcessor : No bean named 'errorChannel' has been explicitly defined. Therefore, a default PublishSubscribeChannel will be created.
2018-12-15 12:25:01.737  INFO [area-service,,,] 14584 --- [restartedMain] faultConfiguringBeanFactoryPostProcessor : No bean named 'taskScheduler' has been explicitly defined. Therefore, a default ThreadPoolTaskScheduler will be created.
2018-12-15 12:25:01.749  INFO [area-service,,,] 14584 --- [restartedMain] faultConfiguringBeanFactoryPostProcessor : No bean named 'integrationHeaderChannelRegistry' has been explicitly defined. Therefore, a default DefaultHeaderChannelRegistry will be created.
2018-12-15 12:25:01.829  INFO [area-service,,,] 14584 --- [restartedMain] trationDelegate$BeanPostProcessorChecker : Bean 'org.springframework.amqp.rabbit.annotation.RabbitBootstrapConfiguration' of type [org.springframework.amqp.rabbit.annotation.RabbitBootstrapConfiguration$$EnhancerBySpringCGLIB$$aa710900] is not eligible for getting processed by all BeanPostProcessors (for example: not eligible for auto-proxying)
2018-12-15 12:25:02.653  INFO [area-service,,,] 1940 --- [restartedMain] trationDelegate$BeanPostProcessorChecker : Bean 'org.springframework.integration.config.IntegrationManagementConfiguration' of type [org.springframework.integration.config.IntegrationManagementConfiguration$$EnhancerBySpringCGLIB$$b474598b] is not eligible for getting processed by all BeanPostProcessors (for example: not eligible for auto-proxying)
2018-12-15 12:25:02.901  INFO [area-service,,,] 14584 --- [restartedMain] trationDelegate$BeanPostProcessorChecker : Bean 'org.springframework.integration.config.IntegrationManagementConfiguration' of type [org.springframework.integration.config.IntegrationManagementConfiguration$$EnhancerBySpringCGLIB$$4ef70601] is not eligible for getting processed by all BeanPostProcessors (for example: not eligible for auto-proxying)
2018-12-15 12:25:02.753  INFO [area-service,,,] 1940 --- [restartedMain] trationDelegate$BeanPostProcessorChecker : Bean 'org.springframework.boot.autoconfigure.integration.IntegrationAutoConfiguration$IntegrationJmxConfiguration' of type [org.springframework.boot.autoconfigure.integration.IntegrationAutoConfiguration$IntegrationJmxConfiguration$$EnhancerBySpringCGLIB$$900664ab] is not eligible for getting processed by all BeanPostProcessors (for example: not eligible for auto-proxying)
2018-12-15 12:25:02.965  INFO [area-service,,,] 14584 --- [restartedMain] trationDelegate$BeanPostProcessorChecker : Bean 'org.springframework.boot.autoconfigure.integration.IntegrationAutoConfiguration$IntegrationJmxConfiguration' of type [org.springframework.boot.autoconfigure.integration.IntegrationAutoConfiguration$IntegrationJmxConfiguration$$EnhancerBySpringCGLIB$$2a891121] is not eligible for getting processed by all BeanPostProcessors (for example: not eligible for auto-proxying)
2018-12-15 12:25:02.997  INFO [area-service,,,] 1940 --- [restartedMain] trationDelegate$BeanPostProcessorChecker : Bean 'org.springframework.boot.autoconfigure.jmx.JmxAutoConfiguration' of type [org.springframework.boot.autoconfigure.jmx.JmxAutoConfiguration$$EnhancerBySpringCGLIB$$c8ee0d78] is not eligible for getting processed by all BeanPostProcessors (for example: not eligible for auto-proxying)
2018-12-15 12:25:03.009  INFO [area-service,,,] 14584 --- [restartedMain] trationDelegate$BeanPostProcessorChecker : Bean 'org.springframework.boot.autoconfigure.jmx.JmxAutoConfiguration' of type [org.springframework.boot.autoconfigure.jmx.JmxAutoConfiguration$$EnhancerBySpringCGLIB$$6370b9ee] is not eligible for getting processed by all BeanPostProcessors (for example: not eligible for auto-proxying)
2018-12-15 12:25:03.021  INFO [area-service,,,] 1940 --- [restartedMain] trationDelegate$BeanPostProcessorChecker : Bean 'mbeanServer' of type [com.sun.jmx.mbeanserver.JmxMBeanServer] is not eligible for getting processed by all BeanPostProcessors (for example: not eligible for auto-proxying)
2018-12-15 12:25:03.033  INFO [area-service,,,] 14584 --- [restartedMain] trationDelegate$BeanPostProcessorChecker : Bean 'mbeanServer' of type [com.sun.jmx.mbeanserver.JmxMBeanServer] is not eligible for getting processed by all BeanPostProcessors (for example: not eligible for auto-proxying)
2018-12-15 12:25:03.141  INFO [area-service,,,] 1940 --- [restartedMain] trationDelegate$BeanPostProcessorChecker : Bean 'integrationDisposableAutoCreatedBeans' of type [org.springframework.integration.config.annotation.Disposables] is not eligible for getting processed by all BeanPostProcessors (for example: not eligible for auto-proxying)
2018-12-15 12:25:03.181  INFO [area-service,,,] 14584 --- [restartedMain] trationDelegate$BeanPostProcessorChecker : Bean 'integrationDisposableAutoCreatedBeans' of type [org.springframework.integration.config.annotation.Disposables] is not eligible for getting processed by all BeanPostProcessors (for example: not eligible for auto-proxying)
2018-12-15 12:25:03.241  INFO [area-service,,,] 1940 --- [restartedMain] trationDelegate$BeanPostProcessorChecker : Bean 'org.springframework.cloud.autoconfigure.ConfigurationPropertiesRebinderAutoConfiguration' of type [org.springframework.cloud.autoconfigure.ConfigurationPropertiesRebinderAutoConfiguration$$EnhancerBySpringCGLIB$$659ca159] is not eligible for getting processed by all BeanPostProcessors (for example: not eligible for auto-proxying)
2018-12-15 12:25:03.265  INFO [area-service,,,] 14584 --- [restartedMain] trationDelegate$BeanPostProcessorChecker : Bean 'org.springframework.cloud.autoconfigure.ConfigurationPropertiesRebinderAutoConfiguration' of type [org.springframework.cloud.autoconfigure.ConfigurationPropertiesRebinderAutoConfiguration$$EnhancerBySpringCGLIB$$1f4dcf] is not eligible for getting processed by all BeanPostProcessors (for example: not eligible for auto-proxying)
2018-12-15 12:25:05.121  INFO [area-service,,,] 1940 --- [restartedMain] o.s.b.w.embedded.tomcat.TomcatWebServer  : Tomcat initialized with port(s): 8001 (http)
2018-12-15 12:25:05.177  INFO [area-service,,,] 1940 --- [restartedMain] o.apache.catalina.core.StandardService   : Starting service [Tomcat]
2018-12-15 12:25:05.181  INFO [area-service,,,] 1940 --- [restartedMain] org.apache.catalina.core.StandardEngine  : Starting Servlet Engine: Apache Tomcat/9.0.12
2018-12-15 12:25:05.193  INFO [area-service,,,] 1940 --- [restartedMain] o.a.catalina.core.AprLifecycleListener   : The APR based Apache Tomcat Native library which allows optimal performance in production environments was not found on the java.library.path: [C:\Program Files\Java\jre1.8.0_191\bin;C:\WINDOWS\Sun\Java\bin;C:\WINDOWS\system32;C:\WINDOWS;C:/Program Files/Java/jre1.8.0_191/bin/server;C:/Program Files/Java/jre1.8.0_191/bin;C:/Program Files/Java/jre1.8.0_191/lib/amd64;C:\Program Files (x86)\Common Files\Oracle\Java\javapath;C:\WINDOWS\system32;C:\WINDOWS;C:\WINDOWS\System32\Wbem;C:\WINDOWS\System32\WindowsPowerShell\v1.0\;C:\Program Files\Java\jdk1.8.0_191\bin;C:\Users\TapojitBhattacharya\Softwares\apache-maven-3.6.0\bin;C:\Program Files\IBM\Bluemix\bin;C:\WINDOWS\System32\OpenSSH\;C:\Program Files\Git\cmd;C:\Users\TapojitBhattacharya\AppData\Local\Microsoft\WindowsApps;C:\Program Files (x86)\CVSNT\;%USERPROFILE%\AppData\Local\Microsoft\WindowsApps;;C:\Users\TapojitBhattacharya\Documents\Personal\Softwares\sts-4.0.1.RELEASE;;.]
2018-12-15 12:25:05.213  INFO [area-service,,,] 14584 --- [restartedMain] o.s.b.w.embedded.tomcat.TomcatWebServer  : Tomcat initialized with port(s): 8000 (http)
2018-12-15 12:25:05.281  INFO [area-service,,,] 14584 --- [restartedMain] o.apache.catalina.core.StandardService   : Starting service [Tomcat]
2018-12-15 12:25:05.281  INFO [area-service,,,] 14584 --- [restartedMain] org.apache.catalina.core.StandardEngine  : Starting Servlet Engine: Apache Tomcat/9.0.12
2018-12-15 12:25:05.381  INFO [area-service,,,] 14584 --- [restartedMain] o.a.catalina.core.AprLifecycleListener   : The APR based Apache Tomcat Native library which allows optimal performance in production environments was not found on the java.library.path: [C:\Program Files\Java\jre1.8.0_191\bin;C:\WINDOWS\Sun\Java\bin;C:\WINDOWS\system32;C:\WINDOWS;C:/Program Files/Java/jre1.8.0_191/bin/server;C:/Program Files/Java/jre1.8.0_191/bin;C:/Program Files/Java/jre1.8.0_191/lib/amd64;C:\Program Files (x86)\Common Files\Oracle\Java\javapath;C:\WINDOWS\system32;C:\WINDOWS;C:\WINDOWS\System32\Wbem;C:\WINDOWS\System32\WindowsPowerShell\v1.0\;C:\Program Files\Java\jdk1.8.0_191\bin;C:\Users\TapojitBhattacharya\Softwares\apache-maven-3.6.0\bin;C:\Program Files\IBM\Bluemix\bin;C:\WINDOWS\System32\OpenSSH\;C:\Program Files\Git\cmd;C:\Users\TapojitBhattacharya\AppData\Local\Microsoft\WindowsApps;C:\Program Files (x86)\CVSNT\;%USERPROFILE%\AppData\Local\Microsoft\WindowsApps;;C:\Users\TapojitBhattacharya\Documents\Personal\Softwares\sts-4.0.1.RELEASE;;.]
2018-12-15 12:25:05.933  INFO [area-service,,,] 1940 --- [restartedMain] o.a.c.c.C.[Tomcat].[localhost].[/]       : Initializing Spring embedded WebApplicationContext
2018-12-15 12:25:06.073  INFO [area-service,,,] 14584 --- [restartedMain] o.a.c.c.C.[Tomcat].[localhost].[/]       : Initializing Spring embedded WebApplicationContext
2018-12-15 12:25:06.077  INFO [area-service,,,] 14584 --- [restartedMain] o.s.web.context.ContextLoader            : Root WebApplicationContext: initialization completed in 8724 ms
2018-12-15 12:25:06.654  WARN [area-service,,,] 14584 --- [restartedMain] c.n.c.sources.URLConfigurationSource     : No URLs will be polled as dynamic configuration sources.
2018-12-15 12:25:06.658  INFO [area-service,,,] 14584 --- [restartedMain] c.n.c.sources.URLConfigurationSource     : To enable URLs as dynamic configuration sources, define System property archaius.configurationSource.additionalUrls or make config.properties available on classpath.
2018-12-15 12:25:05.937  INFO [area-service,,,] 1940 --- [restartedMain] o.s.web.context.ContextLoader            : Root WebApplicationContext: initialization completed in 8676 ms
2018-12-15 12:25:06.714  INFO [area-service,,,] 14584 --- [restartedMain] c.netflix.config.DynamicPropertyFactory  : DynamicPropertyFactory is initialized with configuration sources: com.netflix.config.ConcurrentCompositeConfiguration@45ef5269
2018-12-15 12:25:07.650  WARN [area-service,,,] 1940 --- [restartedMain] c.n.c.sources.URLConfigurationSource     : No URLs will be polled as dynamic configuration sources.
2018-12-15 12:25:07.707  INFO [area-service,,,] 1940 --- [restartedMain] c.n.c.sources.URLConfigurationSource     : To enable URLs as dynamic configuration sources, define System property archaius.configurationSource.additionalUrls or make config.properties available on classpath.
2018-12-15 12:25:07.839  INFO [area-service,,,] 1940 --- [restartedMain] c.netflix.config.DynamicPropertyFactory  : DynamicPropertyFactory is initialized with configuration sources: com.netflix.config.ConcurrentCompositeConfiguration@1bc81431
2018-12-15 12:25:16.304  INFO [area-service,,,] 14584 --- [restartedMain] o.s.c.n.eureka.InstanceInfoFactory       : Setting initial instance status as: STARTING
2018-12-15 12:25:16.362  INFO [area-service,,,] 1940 --- [restartedMain] o.s.c.n.eureka.InstanceInfoFactory       : Setting initial instance status as: STARTING
2018-12-15 12:25:16.476  INFO [area-service,,,] 14584 --- [restartedMain] com.netflix.discovery.DiscoveryClient    : Initializing Eureka in region us-east-1
2018-12-15 12:25:16.508  INFO [area-service,,,] 1940 --- [restartedMain] com.netflix.discovery.DiscoveryClient    : Initializing Eureka in region us-east-1
2018-12-15 12:25:17.987  INFO [area-service,,,] 1940 --- [restartedMain] c.n.d.provider.DiscoveryJerseyProvider   : Using JSON encoding codec LegacyJacksonJson
2018-12-15 12:25:17.936  INFO [area-service,,,] 14584 --- [restartedMain] c.n.d.provider.DiscoveryJerseyProvider   : Using JSON encoding codec LegacyJacksonJson
2018-12-15 12:25:18.010  INFO [area-service,,,] 1940 --- [restartedMain] c.n.d.provider.DiscoveryJerseyProvider   : Using JSON decoding codec LegacyJacksonJson
2018-12-15 12:25:18.010  INFO [area-service,,,] 14584 --- [restartedMain] c.n.d.provider.DiscoveryJerseyProvider   : Using JSON decoding codec LegacyJacksonJson
2018-12-15 12:25:18.362  INFO [area-service,,,] 1940 --- [restartedMain] c.n.d.provider.DiscoveryJerseyProvider   : Using XML encoding codec XStreamXml
2018-12-15 12:25:18.366  INFO [area-service,,,] 1940 --- [restartedMain] c.n.d.provider.DiscoveryJerseyProvider   : Using XML decoding codec XStreamXml
2018-12-15 12:25:18.402  INFO [area-service,,,] 14584 --- [restartedMain] c.n.d.provider.DiscoveryJerseyProvider   : Using XML encoding codec XStreamXml
2018-12-15 12:25:18.402  INFO [area-service,,,] 14584 --- [restartedMain] c.n.d.provider.DiscoveryJerseyProvider   : Using XML decoding codec XStreamXml
2018-12-15 12:25:18.966  INFO [area-service,,,] 1940 --- [restartedMain] c.n.d.s.r.aws.ConfigClusterResolver      : Resolving eureka endpoints via configuration
2018-12-15 12:25:19.118  INFO [area-service,,,] 14584 --- [restartedMain] c.n.d.s.r.aws.ConfigClusterResolver      : Resolving eureka endpoints via configuration
2018-12-15 12:25:19.756  INFO [area-service,,,] 1940 --- [restartedMain] com.netflix.discovery.DiscoveryClient    : Disable delta property : false
2018-12-15 12:25:19.759  INFO [area-service,,,] 1940 --- [restartedMain] com.netflix.discovery.DiscoveryClient    : Single vip registry refresh property : null
2018-12-15 12:25:19.761  INFO [area-service,,,] 1940 --- [restartedMain] com.netflix.discovery.DiscoveryClient    : Force full registry fetch : false
2018-12-15 12:25:19.765  INFO [area-service,,,] 1940 --- [restartedMain] com.netflix.discovery.DiscoveryClient    : Application is null : false
2018-12-15 12:25:19.765  INFO [area-service,,,] 1940 --- [restartedMain] com.netflix.discovery.DiscoveryClient    : Registered Applications size is zero : true
2018-12-15 12:25:19.765  INFO [area-service,,,] 1940 --- [restartedMain] com.netflix.discovery.DiscoveryClient    : Application version is -1: true
2018-12-15 12:25:19.769  INFO [area-service,,,] 1940 --- [restartedMain] com.netflix.discovery.DiscoveryClient    : Getting all instance registry info from the eureka server
2018-12-15 12:25:19.785  INFO [area-service,,,] 14584 --- [restartedMain] com.netflix.discovery.DiscoveryClient    : Disable delta property : false
2018-12-15 12:25:19.785  INFO [area-service,,,] 14584 --- [restartedMain] com.netflix.discovery.DiscoveryClient    : Single vip registry refresh property : null
2018-12-15 12:25:19.785  INFO [area-service,,,] 14584 --- [restartedMain] com.netflix.discovery.DiscoveryClient    : Force full registry fetch : false
2018-12-15 12:25:19.789  INFO [area-service,,,] 14584 --- [restartedMain] com.netflix.discovery.DiscoveryClient    : Application is null : false
2018-12-15 12:25:19.789  INFO [area-service,,,] 14584 --- [restartedMain] com.netflix.discovery.DiscoveryClient    : Registered Applications size is zero : true
2018-12-15 12:25:19.793  INFO [area-service,,,] 14584 --- [restartedMain] com.netflix.discovery.DiscoveryClient    : Application version is -1: true
2018-12-15 12:25:19.793  INFO [area-service,,,] 14584 --- [restartedMain] com.netflix.discovery.DiscoveryClient    : Getting all instance registry info from the eureka server
2018-12-15 12:25:20.377  INFO [area-service,,,] 14584 --- [restartedMain] com.netflix.discovery.DiscoveryClient    : The response status is 200
2018-12-15 12:25:20.391  INFO [area-service,,,] 14584 --- [restartedMain] com.netflix.discovery.DiscoveryClient    : Starting heartbeat executor: renew interval is: 30
2018-12-15 12:25:20.399  INFO [area-service,,,] 14584 --- [restartedMain] c.n.discovery.InstanceInfoReplicator     : InstanceInfoReplicator onDemand update allowed rate per min is 4
2018-12-15 12:25:20.407  INFO [area-service,,,] 1940 --- [restartedMain] com.netflix.discovery.DiscoveryClient    : The response status is 200
2018-12-15 12:25:20.415  INFO [area-service,,,] 14584 --- [restartedMain] com.netflix.discovery.DiscoveryClient    : Discovery Client initialized at timestamp 1544856920411 with initial instances count: 2
2018-12-15 12:25:20.419  INFO [area-service,,,] 1940 --- [restartedMain] com.netflix.discovery.DiscoveryClient    : Starting heartbeat executor: renew interval is: 30
2018-12-15 12:25:20.427  INFO [area-service,,,] 1940 --- [restartedMain] c.n.discovery.InstanceInfoReplicator     : InstanceInfoReplicator onDemand update allowed rate per min is 4
2018-12-15 12:25:20.435  INFO [area-service,,,] 1940 --- [restartedMain] com.netflix.discovery.DiscoveryClient    : Discovery Client initialized at timestamp 1544856920435 with initial instances count: 2
2018-12-15 12:25:21.387  WARN [area-service,,,] 1940 --- [restartedMain] o.s.boot.actuate.endpoint.EndpointId     : Endpoint ID 'bus-refresh' contains invalid characters, please migrate to a valid format.
2018-12-15 12:25:21.419  WARN [area-service,,,] 14584 --- [restartedMain] o.s.boot.actuate.endpoint.EndpointId     : Endpoint ID 'bus-refresh' contains invalid characters, please migrate to a valid format.
2018-12-15 12:25:21.986  INFO [area-service,,,] 1940 --- [restartedMain] o.s.b.w.servlet.FilterRegistrationBean   : Mapping filter: 'characterEncodingFilter' to: [/*]
2018-12-15 12:25:21.990  INFO [area-service,,,] 1940 --- [restartedMain] o.s.b.w.servlet.FilterRegistrationBean   : Mapping filter: 'webMvcMetricsFilter' to: [/*]
2018-12-15 12:25:21.990  INFO [area-service,,,] 1940 --- [restartedMain] o.s.b.w.servlet.FilterRegistrationBean   : Mapping filter: 'tracingFilter' to: [/*]
2018-12-15 12:25:21.990  INFO [area-service,,,] 1940 --- [restartedMain] o.s.b.w.servlet.FilterRegistrationBean   : Mapping filter: 'exceptionLoggingFilter' to: [/*]
2018-12-15 12:25:21.994  INFO [area-service,,,] 1940 --- [restartedMain] o.s.b.w.servlet.FilterRegistrationBean   : Mapping filter: 'hiddenHttpMethodFilter' to: [/*]
2018-12-15 12:25:21.994  INFO [area-service,,,] 1940 --- [restartedMain] o.s.b.w.servlet.FilterRegistrationBean   : Mapping filter: 'formContentFilter' to: [/*]
2018-12-15 12:25:21.994  INFO [area-service,,,] 1940 --- [restartedMain] o.s.b.w.servlet.FilterRegistrationBean   : Mapping filter: 'requestContextFilter' to: [/*]
2018-12-15 12:25:21.994  INFO [area-service,,,] 1940 --- [restartedMain] o.s.b.w.servlet.FilterRegistrationBean   : Mapping filter: 'httpTraceFilter' to: [/*]
2018-12-15 12:25:21.994  INFO [area-service,,,] 1940 --- [restartedMain] o.s.b.w.servlet.ServletRegistrationBean  : Servlet dispatcherServlet mapped to [/]
2018-12-15 12:25:22.016  INFO [area-service,,,] 14584 --- [restartedMain] o.s.b.w.servlet.FilterRegistrationBean   : Mapping filter: 'characterEncodingFilter' to: [/*]
2018-12-15 12:25:22.024  INFO [area-service,,,] 14584 --- [restartedMain] o.s.b.w.servlet.FilterRegistrationBean   : Mapping filter: 'webMvcMetricsFilter' to: [/*]
2018-12-15 12:25:22.024  INFO [area-service,,,] 14584 --- [restartedMain] o.s.b.w.servlet.FilterRegistrationBean   : Mapping filter: 'tracingFilter' to: [/*]
2018-12-15 12:25:22.028  INFO [area-service,,,] 14584 --- [restartedMain] o.s.b.w.servlet.FilterRegistrationBean   : Mapping filter: 'exceptionLoggingFilter' to: [/*]
2018-12-15 12:25:22.032  INFO [area-service,,,] 14584 --- [restartedMain] o.s.b.w.servlet.FilterRegistrationBean   : Mapping filter: 'hiddenHttpMethodFilter' to: [/*]
2018-12-15 12:25:22.032  INFO [area-service,,,] 14584 --- [restartedMain] o.s.b.w.servlet.FilterRegistrationBean   : Mapping filter: 'formContentFilter' to: [/*]
2018-12-15 12:25:22.036  INFO [area-service,,,] 14584 --- [restartedMain] o.s.b.w.servlet.FilterRegistrationBean   : Mapping filter: 'requestContextFilter' to: [/*]
2018-12-15 12:25:22.036  INFO [area-service,,,] 14584 --- [restartedMain] o.s.b.w.servlet.FilterRegistrationBean   : Mapping filter: 'httpTraceFilter' to: [/*]
2018-12-15 12:25:22.036  INFO [area-service,,,] 14584 --- [restartedMain] o.s.b.w.servlet.ServletRegistrationBean  : Servlet dispatcherServlet mapped to [/]
2018-12-15 12:25:22.208  WARN [area-service,,,] 1940 --- [restartedMain] c.n.c.sources.URLConfigurationSource     : No URLs will be polled as dynamic configuration sources.
2018-12-15 12:25:22.208  INFO [area-service,,,] 1940 --- [restartedMain] c.n.c.sources.URLConfigurationSource     : To enable URLs as dynamic configuration sources, define System property archaius.configurationSource.additionalUrls or make config.properties available on classpath.
2018-12-15 12:25:22.260  WARN [area-service,,,] 14584 --- [restartedMain] c.n.c.sources.URLConfigurationSource     : No URLs will be polled as dynamic configuration sources.
2018-12-15 12:25:22.260  INFO [area-service,,,] 14584 --- [restartedMain] c.n.c.sources.URLConfigurationSource     : To enable URLs as dynamic configuration sources, define System property archaius.configurationSource.additionalUrls or make config.properties available on classpath.
2018-12-15 12:25:23.208  INFO [area-service,,,] 1940 --- [restartedMain] o.s.s.concurrent.ThreadPoolTaskExecutor  : Initializing ExecutorService 'applicationTaskExecutor'
2018-12-15 12:25:23.292  INFO [area-service,,,] 14584 --- [restartedMain] o.s.s.concurrent.ThreadPoolTaskExecutor  : Initializing ExecutorService 'applicationTaskExecutor'
2018-12-15 12:25:26.018  WARN [area-service,,,] 14584 --- [restartedMain] o.s.b.d.a.OptionalLiveReloadServer       : Unable to start LiveReload server
2018-12-15 12:25:26.031  WARN [area-service,,,] 1940 --- [restartedMain] o.s.b.d.a.OptionalLiveReloadServer       : Unable to start LiveReload server
2018-12-15 12:25:26.587  INFO [area-service,,,] 1940 --- [RMI TCP Connection(1)-127.0.0.1] o.a.c.c.C.[Tomcat].[localhost].[/]       : Initializing Spring DispatcherServlet 'dispatcherServlet'
2018-12-15 12:25:26.595  INFO [area-service,,,] 1940 --- [RMI TCP Connection(1)-127.0.0.1] o.s.web.servlet.DispatcherServlet        : Initializing Servlet 'dispatcherServlet'
2018-12-15 12:25:26.759  INFO [area-service,,,] 1940 --- [RMI TCP Connection(1)-127.0.0.1] o.s.b.a.e.web.EndpointLinksResolver      : Exposing 2 endpoint(s) beneath base path '/actuator'
2018-12-15 12:25:26.987  INFO [area-service,,,] 1940 --- [RMI TCP Connection(1)-127.0.0.1] o.s.web.servlet.DispatcherServlet        : Completed initialization in 380 ms
2018-12-15 12:25:28.258  INFO [area-service,,,] 14584 --- [RMI TCP Connection(3)-127.0.0.1] o.a.c.c.C.[Tomcat].[localhost].[/]       : Initializing Spring DispatcherServlet 'dispatcherServlet'
2018-12-15 12:25:28.262  INFO [area-service,,,] 14584 --- [RMI TCP Connection(3)-127.0.0.1] o.s.web.servlet.DispatcherServlet        : Initializing Servlet 'dispatcherServlet'
2018-12-15 12:25:28.382  INFO [area-service,,,] 14584 --- [RMI TCP Connection(3)-127.0.0.1] o.s.b.a.e.web.EndpointLinksResolver      : Exposing 2 endpoint(s) beneath base path '/actuator'
2018-12-15 12:25:28.818  INFO [area-service,,,] 14584 --- [RMI TCP Connection(3)-127.0.0.1] o.s.web.servlet.DispatcherServlet        : Completed initialization in 548 ms
2018-12-15 12:25:29.402  INFO [area-service,,,] 14584 --- [restartedMain] o.s.s.c.ThreadPoolTaskScheduler          : Initializing ExecutorService 'taskScheduler'
2018-12-15 12:25:29.441  INFO [area-service,,,] 1940 --- [restartedMain] o.s.s.c.ThreadPoolTaskScheduler          : Initializing ExecutorService 'taskScheduler'
2018-12-15 12:25:30.341  INFO [area-service,,,] 1940 --- [restartedMain] o.s.i.monitor.IntegrationMBeanExporter   : Registering MessageChannel springCloudBusOutput
2018-12-15 12:25:30.392  INFO [area-service,,,] 14584 --- [restartedMain] o.s.i.monitor.IntegrationMBeanExporter   : Registering MessageChannel springCloudBusOutput
2018-12-15 12:25:30.600  INFO [area-service,,,] 1940 --- [restartedMain] o.s.i.monitor.IntegrationMBeanExporter   : Registering MessageChannel nullChannel
2018-12-15 12:25:30.628  INFO [area-service,,,] 14584 --- [restartedMain] o.s.i.monitor.IntegrationMBeanExporter   : Registering MessageChannel errorChannel
2018-12-15 12:25:30.641  INFO [area-service,,,] 1940 --- [restartedMain] o.s.i.monitor.IntegrationMBeanExporter   : Registering MessageChannel errorChannel
2018-12-15 12:25:30.802  INFO [area-service,,,] 14584 --- [restartedMain] o.s.i.monitor.IntegrationMBeanExporter   : Registering MessageChannel springCloudBusInput
2018-12-15 12:25:30.822  INFO [area-service,,,] 14584 --- [restartedMain] o.s.i.monitor.IntegrationMBeanExporter   : Registering MessageChannel nullChannel
2018-12-15 12:25:30.818  INFO [area-service,,,] 1940 --- [restartedMain] o.s.i.monitor.IntegrationMBeanExporter   : Registering MessageChannel springCloudBusInput
2018-12-15 12:25:30.882  INFO [area-service,,,] 1940 --- [restartedMain] o.s.i.monitor.IntegrationMBeanExporter   : Registering MessageHandler errorLogger
2018-12-15 12:25:30.894  INFO [area-service,,,] 14584 --- [restartedMain] o.s.i.monitor.IntegrationMBeanExporter   : Registering MessageHandler errorLogger
2018-12-15 12:25:30.966  INFO [area-service,,,] 1940 --- [restartedMain] o.s.i.endpoint.EventDrivenConsumer       : Adding {logging-channel-adapter:_org.springframework.integration.errorLogger} as a subscriber to the 'errorChannel' channel
2018-12-15 12:25:30.966  INFO [area-service,,,] 1940 --- [restartedMain] o.s.i.channel.PublishSubscribeChannel    : Channel 'application-1.errorChannel' has 1 subscriber(s).
2018-12-15 12:25:30.966  INFO [area-service,,,] 1940 --- [restartedMain] o.s.i.endpoint.EventDrivenConsumer       : started _org.springframework.integration.errorLogger
2018-12-15 12:25:31.006  INFO [area-service,,,] 1940 --- [restartedMain] o.s.c.n.e.s.EurekaServiceRegistry        : Registering application area-service with eureka with status UP
2018-12-15 12:25:31.006  INFO [area-service,,,] 1940 --- [restartedMain] com.netflix.discovery.DiscoveryClient    : Saw local status change event StatusChangeEvent [timestamp=1544856931006, current=UP, previous=STARTING]
2018-12-15 12:25:31.010  INFO [area-service,,,] 1940 --- [DiscoveryClient-InstanceInfoReplicator-0] com.netflix.discovery.DiscoveryClient    : DiscoveryClient_AREA-SERVICE/9.199.40.85:area-service:8001: registering service...
2018-12-15 12:25:31.022  INFO [area-service,,,] 14584 --- [restartedMain] o.s.i.endpoint.EventDrivenConsumer       : Adding {logging-channel-adapter:_org.springframework.integration.errorLogger} as a subscriber to the 'errorChannel' channel
2018-12-15 12:25:31.022  INFO [area-service,,,] 14584 --- [restartedMain] o.s.i.channel.PublishSubscribeChannel    : Channel 'application-1.errorChannel' has 1 subscriber(s).
2018-12-15 12:25:31.054  INFO [area-service,,,] 14584 --- [restartedMain] o.s.i.endpoint.EventDrivenConsumer       : started _org.springframework.integration.errorLogger
2018-12-15 12:25:31.054  INFO [area-service,,,] 1940 --- [DiscoveryClient-InstanceInfoReplicator-0] com.netflix.discovery.DiscoveryClient    : DiscoveryClient_AREA-SERVICE/9.199.40.85:area-service:8001 - registration status: 204
2018-12-15 12:25:31.070  INFO [area-service,,,] 14584 --- [restartedMain] o.s.c.n.e.s.EurekaServiceRegistry        : Registering application area-service with eureka with status UP
2018-12-15 12:25:31.082  INFO [area-service,,,] 14584 --- [restartedMain] com.netflix.discovery.DiscoveryClient    : Saw local status change event StatusChangeEvent [timestamp=1544856931082, current=UP, previous=STARTING]
2018-12-15 12:25:31.086  INFO [area-service,,,] 14584 --- [DiscoveryClient-InstanceInfoReplicator-0] com.netflix.discovery.DiscoveryClient    : DiscoveryClient_AREA-SERVICE/9.199.40.85:area-service:8000: registering service...
2018-12-15 12:25:31.126  INFO [area-service,,,] 14584 --- [DiscoveryClient-InstanceInfoReplicator-0] com.netflix.discovery.DiscoveryClient    : DiscoveryClient_AREA-SERVICE/9.199.40.85:area-service:8000 - registration status: 204
2018-12-15 12:25:31.294  INFO [area-service,,,] 14584 --- [restartedMain] o.s.b.w.embedded.tomcat.TomcatWebServer  : Tomcat started on port(s): 8000 (http) with context path ''
2018-12-15 12:25:31.294  INFO [area-service,,,] 1940 --- [restartedMain] o.s.b.w.embedded.tomcat.TomcatWebServer  : Tomcat started on port(s): 8001 (http) with context path ''
2018-12-15 12:25:31.298  INFO [area-service,,,] 1940 --- [restartedMain] .s.c.n.e.s.EurekaAutoServiceRegistration : Updating port to 8001
2018-12-15 12:25:31.298  INFO [area-service,,,] 14584 --- [restartedMain] .s.c.n.e.s.EurekaAutoServiceRegistration : Updating port to 8000
2018-12-15 12:25:31.306  INFO [area-service,,,] 1940 --- [restartedMain] c.e.m.a.AreaServiceApplication           : Started AreaServiceApplication in 39.273 seconds (JVM running for 41.472)
2018-12-15 12:25:31.306  INFO [area-service,,,] 14584 --- [restartedMain] c.e.m.a.AreaServiceApplication           : Started AreaServiceApplication in 39.285 seconds (JVM running for 41.478)
2018-12-15 12:30:19.783  INFO [area-service,,,] 1940 --- [AsyncResolver-bootstrap-executor-0] c.n.d.s.r.aws.ConfigClusterResolver      : Resolving eureka endpoints via configuration
2018-12-15 12:30:19.801  INFO [area-service,,,] 14584 --- [AsyncResolver-bootstrap-executor-0] c.n.d.s.r.aws.ConfigClusterResolver      : Resolving eureka endpoints via configuration
2018-12-15 12:32:11.740  INFO [area-service,a992f81633bcd334,74c94d9e3887f481,true] 1940 --- [hystrix-AreaServiceController-1] c.e.m.a.c.AreaServiceController          : AreaServiceController.getArea.area---> {}50.26548245743669
2018-12-15 12:32:12.625  INFO [area-service,3475405c5bc23ed5,6cb94d257d868644,true] 14584 --- [hystrix-AreaServiceController-1] c.e.m.a.c.AreaServiceController          : AreaServiceController.getArea.area---> {}50.26548245743669
2018-12-15 12:32:12.625  INFO [area-service,a992f81633bcd334,1bccfbe7f75eccd0,true] 14584 --- [hystrix-AreaServiceController-2] c.e.m.a.c.AreaServiceController          : AreaServiceController.getArea.area---> {}50.26548245743669
2018-12-15 12:32:13.842  INFO [area-service,4526357971db613b,a42d61c4c642da3f,true] 1940 --- [hystrix-AreaServiceController-2] c.e.m.a.c.AreaServiceController          : AreaServiceController.getArea.area---> {}50.26548245743669
2018-12-15 12:32:16.372  INFO [area-service,2d739a146171ead7,7b686cb3d8b2763d,true] 14584 --- [hystrix-AreaServiceController-3] c.e.m.a.c.AreaServiceController          : AreaServiceController.getArea.area---> {}50.26548245743669
2018-12-15 12:35:19.793  INFO [area-service,,,] 1940 --- [AsyncResolver-bootstrap-executor-0] c.n.d.s.r.aws.ConfigClusterResolver      : Resolving eureka endpoints via configuration
2018-12-15 12:35:19.810  INFO [area-service,,,] 14584 --- [AsyncResolver-bootstrap-executor-0] c.n.d.s.r.aws.ConfigClusterResolver      : Resolving eureka endpoints via configuration
2018-12-15 12:39:27.424  INFO [area-service,cf9bae54600c22df,5fe9e42de56eacd4,true] 1940 --- [hystrix-AreaServiceController-3] c.e.m.a.c.AreaServiceController          : AreaServiceController.getArea.area---> {}50.26548245743669
2018-12-15 12:40:19.805  INFO [area-service,,,] 1940 --- [AsyncResolver-bootstrap-executor-0] c.n.d.s.r.aws.ConfigClusterResolver      : Resolving eureka endpoints via configuration
2018-12-15 12:40:19.817  INFO [area-service,,,] 14584 --- [AsyncResolver-bootstrap-executor-0] c.n.d.s.r.aws.ConfigClusterResolver      : Resolving eureka endpoints via configuration
2018-12-15 12:45:19.810  INFO [area-service,,,] 1940 --- [AsyncResolver-bootstrap-executor-0] c.n.d.s.r.aws.ConfigClusterResolver      : Resolving eureka endpoints via configuration
2018-12-15 12:45:19.822  INFO [area-service,,,] 14584 --- [AsyncResolver-bootstrap-executor-0] c.n.d.s.r.aws.ConfigClusterResolver      : Resolving eureka endpoints via configuration
2018-12-15 12:48:10.709  INFO [area-service,980d93c77e0ea417,cab3bf8900c8cfb7,true] 14584 --- [hystrix-AreaServiceController-4] c.e.m.a.c.AreaServiceController          : AreaServiceController.getArea.area---> {}50.26548245743669
2018-12-15 12:48:12.814  INFO [area-service,56012e87266c86ac,cda15dcb1bdc79d0,true] 1940 --- [hystrix-AreaServiceController-4] c.e.m.a.c.AreaServiceController          : AreaServiceController.getArea.area---> {}50.26548245743669
