2018-12-15 12:26:28.768  INFO [shape-service,,,] 9736 --- [restartedMain] c.e.m.s.ShapeServiceApplication          : No active profile set, falling back to default profiles: default
2018-12-15 12:26:30.304  WARN [shape-service,,,] 9736 --- [restartedMain] o.s.boot.actuate.endpoint.EndpointId     : Endpoint ID 'bus-env' contains invalid characters, please migrate to a valid format.
2018-12-15 12:26:30.416  WARN [shape-service,,,] 9736 --- [restartedMain] o.s.boot.actuate.endpoint.EndpointId     : Endpoint ID 'service-registry' contains invalid characters, please migrate to a valid format.
2018-12-15 12:26:30.532  WARN [shape-service,,,] 9736 --- [restartedMain] o.s.boot.actuate.endpoint.EndpointId     : Endpoint ID 'hystrix.stream' contains invalid characters, please migrate to a valid format.
2018-12-15 12:26:30.968  INFO [shape-service,,,] 9736 --- [restartedMain] o.s.cloud.context.scope.GenericScope     : BeanFactory id=e1365aef-b8c5-35f2-8028-bff6d6a6f9d4
2018-12-15 12:26:30.996  INFO [shape-service,,,] 9736 --- [restartedMain] faultConfiguringBeanFactoryPostProcessor : No bean named 'errorChannel' has been explicitly defined. Therefore, a default PublishSubscribeChannel will be created.
2018-12-15 12:26:31.004  INFO [shape-service,,,] 9736 --- [restartedMain] faultConfiguringBeanFactoryPostProcessor : No bean named 'taskScheduler' has been explicitly defined. Therefore, a default ThreadPoolTaskScheduler will be created.
2018-12-15 12:26:31.016  INFO [shape-service,,,] 9736 --- [restartedMain] faultConfiguringBeanFactoryPostProcessor : No bean named 'integrationHeaderChannelRegistry' has been explicitly defined. Therefore, a default DefaultHeaderChannelRegistry will be created.
2018-12-15 12:26:31.060  INFO [shape-service,,,] 9736 --- [restartedMain] trationDelegate$BeanPostProcessorChecker : Bean 'org.springframework.amqp.rabbit.annotation.RabbitBootstrapConfiguration' of type [org.springframework.amqp.rabbit.annotation.RabbitBootstrapConfiguration$$EnhancerBySpringCGLIB$$40b43caa] is not eligible for getting processed by all BeanPostProcessors (for example: not eligible for auto-proxying)
2018-12-15 12:26:31.460  INFO [shape-service,,,] 9736 --- [restartedMain] trationDelegate$BeanPostProcessorChecker : Bean 'org.springframework.integration.config.IntegrationManagementConfiguration' of type [org.springframework.integration.config.IntegrationManagementConfiguration$$EnhancerBySpringCGLIB$$e53a39ab] is not eligible for getting processed by all BeanPostProcessors (for example: not eligible for auto-proxying)
2018-12-15 12:26:31.507  INFO [shape-service,,,] 9736 --- [restartedMain] trationDelegate$BeanPostProcessorChecker : Bean 'org.springframework.boot.autoconfigure.integration.IntegrationAutoConfiguration$IntegrationJmxConfiguration' of type [org.springframework.boot.autoconfigure.integration.IntegrationAutoConfiguration$IntegrationJmxConfiguration$$EnhancerBySpringCGLIB$$c0cc44cb] is not eligible for getting processed by all BeanPostProcessors (for example: not eligible for auto-proxying)
2018-12-15 12:26:31.527  INFO [shape-service,,,] 9736 --- [restartedMain] trationDelegate$BeanPostProcessorChecker : Bean 'org.springframework.boot.autoconfigure.jmx.JmxAutoConfiguration' of type [org.springframework.boot.autoconfigure.jmx.JmxAutoConfiguration$$EnhancerBySpringCGLIB$$f9b3ed98] is not eligible for getting processed by all BeanPostProcessors (for example: not eligible for auto-proxying)
2018-12-15 12:26:31.543  INFO [shape-service,,,] 9736 --- [restartedMain] trationDelegate$BeanPostProcessorChecker : Bean 'mbeanServer' of type [com.sun.jmx.mbeanserver.JmxMBeanServer] is not eligible for getting processed by all BeanPostProcessors (for example: not eligible for auto-proxying)
2018-12-15 12:26:31.627  INFO [shape-service,,,] 9736 --- [restartedMain] trationDelegate$BeanPostProcessorChecker : Bean 'integrationDisposableAutoCreatedBeans' of type [org.springframework.integration.config.annotation.Disposables] is not eligible for getting processed by all BeanPostProcessors (for example: not eligible for auto-proxying)
2018-12-15 12:26:31.675  INFO [shape-service,,,] 9736 --- [restartedMain] trationDelegate$BeanPostProcessorChecker : Bean 'org.springframework.cloud.autoconfigure.ConfigurationPropertiesRebinderAutoConfiguration' of type [org.springframework.cloud.autoconfigure.ConfigurationPropertiesRebinderAutoConfiguration$$EnhancerBySpringCGLIB$$96628179] is not eligible for getting processed by all BeanPostProcessors (for example: not eligible for auto-proxying)
2018-12-15 12:26:33.155  INFO [shape-service,,,] 9736 --- [restartedMain] o.s.b.w.embedded.tomcat.TomcatWebServer  : Tomcat initialized with port(s): 8200 (http)
2018-12-15 12:26:33.191  INFO [shape-service,,,] 9736 --- [restartedMain] o.apache.catalina.core.StandardService   : Starting service [Tomcat]
2018-12-15 12:26:33.195  INFO [shape-service,,,] 9736 --- [restartedMain] org.apache.catalina.core.StandardEngine  : Starting Servlet Engine: Apache Tomcat/9.0.12
2018-12-15 12:26:33.227  INFO [shape-service,,,] 9736 --- [restartedMain] o.a.catalina.core.AprLifecycleListener   : The APR based Apache Tomcat Native library which allows optimal performance in production environments was not found on the java.library.path: [C:\Program Files\Java\jre1.8.0_191\bin;C:\WINDOWS\Sun\Java\bin;C:\WINDOWS\system32;C:\WINDOWS;C:/Program Files/Java/jre1.8.0_191/bin/server;C:/Program Files/Java/jre1.8.0_191/bin;C:/Program Files/Java/jre1.8.0_191/lib/amd64;C:\Program Files (x86)\Common Files\Oracle\Java\javapath;C:\WINDOWS\system32;C:\WINDOWS;C:\WINDOWS\System32\Wbem;C:\WINDOWS\System32\WindowsPowerShell\v1.0\;C:\Program Files\Java\jdk1.8.0_191\bin;C:\Users\TapojitBhattacharya\Softwares\apache-maven-3.6.0\bin;C:\Program Files\IBM\Bluemix\bin;C:\WINDOWS\System32\OpenSSH\;C:\Program Files\Git\cmd;C:\Users\TapojitBhattacharya\AppData\Local\Microsoft\WindowsApps;C:\Program Files (x86)\CVSNT\;%USERPROFILE%\AppData\Local\Microsoft\WindowsApps;;C:\Users\TapojitBhattacharya\Documents\Personal\Softwares\sts-4.0.1.RELEASE;;.]
2018-12-15 12:26:34.075  INFO [shape-service,,,] 9736 --- [restartedMain] o.a.c.c.C.[Tomcat].[localhost].[/]       : Initializing Spring embedded WebApplicationContext
2018-12-15 12:26:34.079  INFO [shape-service,,,] 9736 --- [restartedMain] o.s.web.context.ContextLoader            : Root WebApplicationContext: initialization completed in 5279 ms
2018-12-15 12:26:34.643  WARN [shape-service,,,] 9736 --- [restartedMain] c.n.c.sources.URLConfigurationSource     : No URLs will be polled as dynamic configuration sources.
2018-12-15 12:26:34.643  INFO [shape-service,,,] 9736 --- [restartedMain] c.n.c.sources.URLConfigurationSource     : To enable URLs as dynamic configuration sources, define System property archaius.configurationSource.additionalUrls or make config.properties available on classpath.
2018-12-15 12:26:34.790  INFO [shape-service,,,] 9736 --- [restartedMain] c.netflix.config.DynamicPropertyFactory  : DynamicPropertyFactory is initialized with configuration sources: com.netflix.config.ConcurrentCompositeConfiguration@21e3a9c0
2018-12-15 12:26:40.206  INFO [shape-service,,,] 9736 --- [restartedMain] o.s.c.n.eureka.InstanceInfoFactory       : Setting initial instance status as: STARTING
2018-12-15 12:26:40.368  INFO [shape-service,,,] 9736 --- [restartedMain] com.netflix.discovery.DiscoveryClient    : Initializing Eureka in region us-east-1
2018-12-15 12:26:41.324  INFO [shape-service,,,] 9736 --- [restartedMain] c.n.d.provider.DiscoveryJerseyProvider   : Using JSON encoding codec LegacyJacksonJson
2018-12-15 12:26:41.328  INFO [shape-service,,,] 9736 --- [restartedMain] c.n.d.provider.DiscoveryJerseyProvider   : Using JSON decoding codec LegacyJacksonJson
2018-12-15 12:26:41.556  INFO [shape-service,,,] 9736 --- [restartedMain] c.n.d.provider.DiscoveryJerseyProvider   : Using XML encoding codec XStreamXml
2018-12-15 12:26:41.556  INFO [shape-service,,,] 9736 --- [restartedMain] c.n.d.provider.DiscoveryJerseyProvider   : Using XML decoding codec XStreamXml
2018-12-15 12:26:42.132  INFO [shape-service,,,] 9736 --- [restartedMain] c.n.d.s.r.aws.ConfigClusterResolver      : Resolving eureka endpoints via configuration
2018-12-15 12:26:42.636  INFO [shape-service,,,] 9736 --- [restartedMain] com.netflix.discovery.DiscoveryClient    : Disable delta property : false
2018-12-15 12:26:42.640  INFO [shape-service,,,] 9736 --- [restartedMain] com.netflix.discovery.DiscoveryClient    : Single vip registry refresh property : null
2018-12-15 12:26:42.642  INFO [shape-service,,,] 9736 --- [restartedMain] com.netflix.discovery.DiscoveryClient    : Force full registry fetch : false
2018-12-15 12:26:42.642  INFO [shape-service,,,] 9736 --- [restartedMain] com.netflix.discovery.DiscoveryClient    : Application is null : false
2018-12-15 12:26:42.643  INFO [shape-service,,,] 9736 --- [restartedMain] com.netflix.discovery.DiscoveryClient    : Registered Applications size is zero : true
2018-12-15 12:26:42.643  INFO [shape-service,,,] 9736 --- [restartedMain] com.netflix.discovery.DiscoveryClient    : Application version is -1: true
2018-12-15 12:26:42.643  INFO [shape-service,,,] 9736 --- [restartedMain] com.netflix.discovery.DiscoveryClient    : Getting all instance registry info from the eureka server
2018-12-15 12:26:43.379  INFO [shape-service,,,] 9736 --- [restartedMain] com.netflix.discovery.DiscoveryClient    : The response status is 200
2018-12-15 12:26:43.387  INFO [shape-service,,,] 9736 --- [restartedMain] com.netflix.discovery.DiscoveryClient    : Starting heartbeat executor: renew interval is: 30
2018-12-15 12:26:43.391  INFO [shape-service,,,] 9736 --- [restartedMain] c.n.discovery.InstanceInfoReplicator     : InstanceInfoReplicator onDemand update allowed rate per min is 4
2018-12-15 12:26:43.399  INFO [shape-service,,,] 9736 --- [restartedMain] com.netflix.discovery.DiscoveryClient    : Discovery Client initialized at timestamp 1544857003395 with initial instances count: 6
2018-12-15 12:26:43.919  WARN [shape-service,,,] 9736 --- [restartedMain] o.s.boot.actuate.endpoint.EndpointId     : Endpoint ID 'bus-refresh' contains invalid characters, please migrate to a valid format.
2018-12-15 12:26:44.380  INFO [shape-service,,,] 9736 --- [restartedMain] o.s.b.w.servlet.FilterRegistrationBean   : Mapping filter: 'characterEncodingFilter' to: [/*]
2018-12-15 12:26:44.384  INFO [shape-service,,,] 9736 --- [restartedMain] o.s.b.w.servlet.FilterRegistrationBean   : Mapping filter: 'webMvcMetricsFilter' to: [/*]
2018-12-15 12:26:44.384  INFO [shape-service,,,] 9736 --- [restartedMain] o.s.b.w.servlet.FilterRegistrationBean   : Mapping filter: 'tracingFilter' to: [/*]
2018-12-15 12:26:44.384  INFO [shape-service,,,] 9736 --- [restartedMain] o.s.b.w.servlet.FilterRegistrationBean   : Mapping filter: 'exceptionLoggingFilter' to: [/*]
2018-12-15 12:26:44.384  INFO [shape-service,,,] 9736 --- [restartedMain] o.s.b.w.servlet.FilterRegistrationBean   : Mapping filter: 'hiddenHttpMethodFilter' to: [/*]
2018-12-15 12:26:44.384  INFO [shape-service,,,] 9736 --- [restartedMain] o.s.b.w.servlet.FilterRegistrationBean   : Mapping filter: 'formContentFilter' to: [/*]
2018-12-15 12:26:44.384  INFO [shape-service,,,] 9736 --- [restartedMain] o.s.b.w.servlet.FilterRegistrationBean   : Mapping filter: 'requestContextFilter' to: [/*]
2018-12-15 12:26:44.388  INFO [shape-service,,,] 9736 --- [restartedMain] o.s.b.w.servlet.FilterRegistrationBean   : Mapping filter: 'httpTraceFilter' to: [/*]
2018-12-15 12:26:44.388  INFO [shape-service,,,] 9736 --- [restartedMain] o.s.b.w.servlet.ServletRegistrationBean  : Servlet dispatcherServlet mapped to [/]
2018-12-15 12:26:44.876  WARN [shape-service,,,] 9736 --- [restartedMain] o.s.b.d.a.OptionalLiveReloadServer       : Unable to start LiveReload server
2018-12-15 12:26:45.624  WARN [shape-service,,,] 9736 --- [restartedMain] c.n.c.sources.URLConfigurationSource     : No URLs will be polled as dynamic configuration sources.
2018-12-15 12:26:45.652  INFO [shape-service,,,] 9736 --- [restartedMain] c.n.c.sources.URLConfigurationSource     : To enable URLs as dynamic configuration sources, define System property archaius.configurationSource.additionalUrls or make config.properties available on classpath.
2018-12-15 12:26:46.272  INFO [shape-service,,,] 9736 --- [restartedMain] o.s.s.concurrent.ThreadPoolTaskExecutor  : Initializing ExecutorService 'applicationTaskExecutor'
2018-12-15 12:26:49.164  INFO [shape-service,,,] 9736 --- [restartedMain] o.s.b.a.e.web.EndpointLinksResolver      : Exposing 2 endpoint(s) beneath base path '/actuator'
2018-12-15 12:26:49.377  INFO [shape-service,,,] 9736 --- [restartedMain] o.s.s.c.ThreadPoolTaskScheduler          : Initializing ExecutorService 'taskScheduler'
2018-12-15 12:26:49.721  INFO [shape-service,,,] 9736 --- [restartedMain] o.s.i.monitor.IntegrationMBeanExporter   : Registering MessageChannel springCloudBusOutput
2018-12-15 12:26:49.817  INFO [shape-service,,,] 9736 --- [restartedMain] o.s.i.monitor.IntegrationMBeanExporter   : Registering MessageChannel errorChannel
2018-12-15 12:26:49.889  INFO [shape-service,,,] 9736 --- [restartedMain] o.s.i.monitor.IntegrationMBeanExporter   : Registering MessageChannel springCloudBusInput
2018-12-15 12:26:49.905  INFO [shape-service,,,] 9736 --- [restartedMain] o.s.i.monitor.IntegrationMBeanExporter   : Registering MessageChannel nullChannel
2018-12-15 12:26:49.949  INFO [shape-service,,,] 9736 --- [restartedMain] o.s.i.monitor.IntegrationMBeanExporter   : Registering MessageHandler errorLogger
2018-12-15 12:26:50.029  INFO [shape-service,,,] 9736 --- [restartedMain] o.s.i.endpoint.EventDrivenConsumer       : Adding {logging-channel-adapter:_org.springframework.integration.errorLogger} as a subscriber to the 'errorChannel' channel
2018-12-15 12:26:50.029  INFO [shape-service,,,] 9736 --- [restartedMain] o.s.i.channel.PublishSubscribeChannel    : Channel 'application-1.errorChannel' has 1 subscriber(s).
2018-12-15 12:26:50.033  INFO [shape-service,,,] 9736 --- [restartedMain] o.s.i.endpoint.EventDrivenConsumer       : started _org.springframework.integration.errorLogger
2018-12-15 12:26:50.049  INFO [shape-service,,,] 9736 --- [restartedMain] o.s.c.n.e.s.EurekaServiceRegistry        : Registering application shape-service with eureka with status UP
2018-12-15 12:26:50.053  INFO [shape-service,,,] 9736 --- [restartedMain] com.netflix.discovery.DiscoveryClient    : Saw local status change event StatusChangeEvent [timestamp=1544857010053, current=UP, previous=STARTING]
2018-12-15 12:26:50.057  INFO [shape-service,,,] 9736 --- [DiscoveryClient-InstanceInfoReplicator-0] com.netflix.discovery.DiscoveryClient    : DiscoveryClient_SHAPE-SERVICE/9.199.40.85:shape-service:8200: registering service...
2018-12-15 12:26:50.129  INFO [shape-service,,,] 9736 --- [DiscoveryClient-InstanceInfoReplicator-0] com.netflix.discovery.DiscoveryClient    : DiscoveryClient_SHAPE-SERVICE/9.199.40.85:shape-service:8200 - registration status: 204
2018-12-15 12:26:50.247  INFO [shape-service,,,] 9736 --- [restartedMain] o.s.b.w.embedded.tomcat.TomcatWebServer  : Tomcat started on port(s): 8200 (http) with context path ''
2018-12-15 12:26:50.247  INFO [shape-service,,,] 9736 --- [restartedMain] .s.c.n.e.s.EurekaAutoServiceRegistration : Updating port to 8200
2018-12-15 12:26:50.254  INFO [shape-service,,,] 9736 --- [restartedMain] c.e.m.s.ShapeServiceApplication          : Started ShapeServiceApplication in 23.94 seconds (JVM running for 26.549)
2018-12-15 12:26:50.598  INFO [shape-service,,,] 9736 --- [RMI TCP Connection(3)-127.0.0.1] o.a.c.c.C.[Tomcat].[localhost].[/]       : Initializing Spring DispatcherServlet 'dispatcherServlet'
2018-12-15 12:26:50.598  INFO [shape-service,,,] 9736 --- [RMI TCP Connection(3)-127.0.0.1] o.s.web.servlet.DispatcherServlet        : Initializing Servlet 'dispatcherServlet'
2018-12-15 12:26:50.638  INFO [shape-service,,,] 9736 --- [RMI TCP Connection(3)-127.0.0.1] o.s.web.servlet.DispatcherServlet        : Completed initialization in 40 ms
2018-12-15 12:31:42.653  INFO [shape-service,,,] 9736 --- [AsyncResolver-bootstrap-executor-0] c.n.d.s.r.aws.ConfigClusterResolver      : Resolving eureka endpoints via configuration
2018-12-15 12:32:09.360  INFO [shape-service,a992f81633bcd334,d50615447b3a2048,true] 9736 --- [hystrix-ShapeServiceController-1] c.netflix.config.ChainedDynamicProperty  : Flipping property: area-service.ribbon.ActiveConnectionsLimit to use NEXT property: niws.loadbalancer.availabilityFilteringRule.activeConnectionsLimit = 2147483647
2018-12-15 12:32:09.376  INFO [shape-service,a992f81633bcd334,d50615447b3a2048,true] 9736 --- [hystrix-ShapeServiceController-1] c.n.u.concurrent.ShutdownEnabledTimer    : Shutdown hook installed for: NFLoadBalancer-PingTimer-area-service
2018-12-15 12:32:09.420  INFO [shape-service,a992f81633bcd334,d50615447b3a2048,true] 9736 --- [hystrix-ShapeServiceController-1] c.netflix.loadbalancer.BaseLoadBalancer  : Client: area-service instantiated a LoadBalancer: DynamicServerListLoadBalancer:{NFLoadBalancer:name=area-service,current list of Servers=[],Load balancer stats=Zone stats: {},Server stats: []}ServerList:null
2018-12-15 12:32:09.428  INFO [shape-service,a992f81633bcd334,d50615447b3a2048,true] 9736 --- [hystrix-ShapeServiceController-1] c.n.l.DynamicServerListLoadBalancer      : Using serverListUpdater PollingServerListUpdater
2018-12-15 12:32:09.476  INFO [shape-service,a992f81633bcd334,d50615447b3a2048,true] 9736 --- [hystrix-ShapeServiceController-1] c.netflix.config.ChainedDynamicProperty  : Flipping property: area-service.ribbon.ActiveConnectionsLimit to use NEXT property: niws.loadbalancer.availabilityFilteringRule.activeConnectionsLimit = 2147483647
2018-12-15 12:32:09.480  INFO [shape-service,a992f81633bcd334,d50615447b3a2048,true] 9736 --- [hystrix-ShapeServiceController-1] c.n.l.DynamicServerListLoadBalancer      : DynamicServerListLoadBalancer for client area-service initialized: DynamicServerListLoadBalancer:{NFLoadBalancer:name=area-service,current list of Servers=[9.199.40.85:8001, 9.199.40.85:8000],Load balancer stats=Zone stats: {defaultzone=[Zone:defaultzone;	Instance count:2;	Active connections count: 0;	Circuit breaker tripped count: 0;	Active connections per server: 0.0;]
},Server stats: [[Server:9.199.40.85:8000;	Zone:defaultZone;	Total Requests:0;	Successive connection failure:0;	Total blackout seconds:0;	Last connection made:Thu Jan 01 05:30:00 IST 1970;	First connection made: Thu Jan 01 05:30:00 IST 1970;	Active Connections:0;	total failure count in last (1000) msecs:0;	average resp time:0.0;	90 percentile resp time:0.0;	95 percentile resp time:0.0;	min resp time:0.0;	max resp time:0.0;	stddev resp time:0.0]
, [Server:9.199.40.85:8001;	Zone:defaultZone;	Total Requests:0;	Successive connection failure:0;	Total blackout seconds:0;	Last connection made:Thu Jan 01 05:30:00 IST 1970;	First connection made: Thu Jan 01 05:30:00 IST 1970;	Active Connections:0;	total failure count in last (1000) msecs:0;	average resp time:0.0;	90 percentile resp time:0.0;	95 percentile resp time:0.0;	min resp time:0.0;	max resp time:0.0;	stddev resp time:0.0]
]}ServerList:org.springframework.cloud.netflix.ribbon.eureka.DomainExtractingServerList@25006e57
2018-12-15 12:32:09.848  INFO [shape-service,6c99c0823bb1b18d,6c99c0823bb1b18d,true] 9736 --- [HystrixTimer-1] c.e.m.s.c.ShapeServiceController         : ShapeServiceController.getShapeDetailsFeignFallBack---> {}
2018-12-15 12:32:10.436  INFO [shape-service,,,] 9736 --- [PollingServerListUpdater-0] c.netflix.config.ChainedDynamicProperty  : Flipping property: area-service.ribbon.ActiveConnectionsLimit to use NEXT property: niws.loadbalancer.availabilityFilteringRule.activeConnectionsLimit = 2147483647
2018-12-15 12:32:12.855  INFO [shape-service,9b7f37e7f993f338,9b7f37e7f993f338,true] 9736 --- [HystrixTimer-1] c.e.m.s.c.ShapeServiceController         : ShapeServiceController.getShapeDetailsFeignFallBack---> {}
2018-12-15 12:32:12.863  INFO [shape-service,3475405c5bc23ed5,be36ec4cf2b6a25a,true] 9736 --- [hystrix-ShapeServiceController-2] c.netflix.config.ChainedDynamicProperty  : Flipping property: perimeter-service.ribbon.ActiveConnectionsLimit to use NEXT property: niws.loadbalancer.availabilityFilteringRule.activeConnectionsLimit = 2147483647
2018-12-15 12:32:12.962  INFO [shape-service,3475405c5bc23ed5,be36ec4cf2b6a25a,true] 9736 --- [hystrix-ShapeServiceController-2] c.n.u.concurrent.ShutdownEnabledTimer    : Shutdown hook installed for: NFLoadBalancer-PingTimer-perimeter-service
2018-12-15 12:32:12.962  INFO [shape-service,3475405c5bc23ed5,be36ec4cf2b6a25a,true] 9736 --- [hystrix-ShapeServiceController-2] c.netflix.loadbalancer.BaseLoadBalancer  : Client: perimeter-service instantiated a LoadBalancer: DynamicServerListLoadBalancer:{NFLoadBalancer:name=perimeter-service,current list of Servers=[],Load balancer stats=Zone stats: {},Server stats: []}ServerList:null
2018-12-15 12:32:13.086  INFO [shape-service,3475405c5bc23ed5,be36ec4cf2b6a25a,true] 9736 --- [hystrix-ShapeServiceController-2] c.n.l.DynamicServerListLoadBalancer      : Using serverListUpdater PollingServerListUpdater
2018-12-15 12:32:13.090  INFO [shape-service,3475405c5bc23ed5,be36ec4cf2b6a25a,true] 9736 --- [hystrix-ShapeServiceController-2] c.netflix.config.ChainedDynamicProperty  : Flipping property: perimeter-service.ribbon.ActiveConnectionsLimit to use NEXT property: niws.loadbalancer.availabilityFilteringRule.activeConnectionsLimit = 2147483647
2018-12-15 12:32:13.094  INFO [shape-service,3475405c5bc23ed5,be36ec4cf2b6a25a,true] 9736 --- [hystrix-ShapeServiceController-2] c.n.l.DynamicServerListLoadBalancer      : DynamicServerListLoadBalancer for client perimeter-service initialized: DynamicServerListLoadBalancer:{NFLoadBalancer:name=perimeter-service,current list of Servers=[9.199.40.85:8100, 9.199.40.85:8101],Load balancer stats=Zone stats: {defaultzone=[Zone:defaultzone;	Instance count:2;	Active connections count: 0;	Circuit breaker tripped count: 0;	Active connections per server: 0.0;]
},Server stats: [[Server:9.199.40.85:8100;	Zone:defaultZone;	Total Requests:0;	Successive connection failure:0;	Total blackout seconds:0;	Last connection made:Thu Jan 01 05:30:00 IST 1970;	First connection made: Thu Jan 01 05:30:00 IST 1970;	Active Connections:0;	total failure count in last (1000) msecs:0;	average resp time:0.0;	90 percentile resp time:0.0;	95 percentile resp time:0.0;	min resp time:0.0;	max resp time:0.0;	stddev resp time:0.0]
, [Server:9.199.40.85:8101;	Zone:defaultZone;	Total Requests:0;	Successive connection failure:0;	Total blackout seconds:0;	Last connection made:Thu Jan 01 05:30:00 IST 1970;	First connection made: Thu Jan 01 05:30:00 IST 1970;	Active Connections:0;	total failure count in last (1000) msecs:0;	average resp time:0.0;	90 percentile resp time:0.0;	95 percentile resp time:0.0;	min resp time:0.0;	max resp time:0.0;	stddev resp time:0.0]
]}ServerList:org.springframework.cloud.netflix.ribbon.eureka.DomainExtractingServerList@3439bbb1
2018-12-15 12:32:14.096  INFO [shape-service,,,] 9736 --- [PollingServerListUpdater-0] c.netflix.config.ChainedDynamicProperty  : Flipping property: perimeter-service.ribbon.ActiveConnectionsLimit to use NEXT property: niws.loadbalancer.availabilityFilteringRule.activeConnectionsLimit = 2147483647
2018-12-15 12:32:14.947  INFO [shape-service,eb76d0f0d6ec9aaf,eb76d0f0d6ec9aaf,true] 9736 --- [HystrixTimer-2] c.e.m.s.c.ShapeServiceController         : ShapeServiceController.getShapeDetailsFeignFallBack---> {}
2018-12-15 12:32:16.743  INFO [shape-service,2d739a146171ead7,cf128b9b77749c80,true] 9736 --- [hystrix-ShapeServiceController-4] c.e.m.s.c.ShapeServiceController         : ShapeServiceController.getShapeDetailsFeign---> {}
2018-12-15 12:36:42.664  INFO [shape-service,,,] 9736 --- [AsyncResolver-bootstrap-executor-0] c.n.d.s.r.aws.ConfigClusterResolver      : Resolving eureka endpoints via configuration
2018-12-15 12:39:27.435  INFO [shape-service,cf9bae54600c22df,0de52e8913791116,true] 9736 --- [hystrix-ShapeServiceController-5] c.e.m.s.c.ShapeServiceController         : ShapeServiceController.getShapeDetailsFeignFallBack---> {}
2018-12-15 12:41:42.670  INFO [shape-service,,,] 9736 --- [AsyncResolver-bootstrap-executor-0] c.n.d.s.r.aws.ConfigClusterResolver      : Resolving eureka endpoints via configuration
2018-12-15 12:46:42.675  INFO [shape-service,,,] 9736 --- [AsyncResolver-bootstrap-executor-0] c.n.d.s.r.aws.ConfigClusterResolver      : Resolving eureka endpoints via configuration
2018-12-15 12:48:11.532  INFO [shape-service,fc0c6a3d28f372cf,fc0c6a3d28f372cf,true] 9736 --- [HystrixTimer-2] c.e.m.s.c.ShapeServiceController         : ShapeServiceController.getShapeDetailsFeignFallBack---> {}
2018-12-15 12:48:12.698  INFO [shape-service,980d93c77e0ea417,badb9d63fb0338be,true] 9736 --- [hystrix-ShapeServiceController-6] c.e.m.s.c.ShapeServiceController         : ShapeServiceController.getShapeDetailsFeign---> {}
2018-12-15 12:48:12.873  INFO [shape-service,56012e87266c86ac,3d4a35ed5e813fc5,true] 9736 --- [hystrix-ShapeServiceController-7] c.e.m.s.c.ShapeServiceController         : ShapeServiceController.getShapeDetailsFeign---> {}
